#
# A fatal error has been detected by the Java Runtime Environment:
#
#  Internal Error (classFileParser.cpp:3174), pid=4356, tid=2564
#  Error: ShouldNotReachHere()
#
# JRE version: 6.0_20-b02
# Java VM: Java HotSpot(TM) Client VM (16.3-b01 mixed mode windows-x86 )
# If you would like to submit a bug report, please visit:
#   http://java.sun.com/webapps/bugreport/crash.jsp
#

---------------  T H R E A D  ---------------

Current thread (0x00379c00):  JavaThread "Unknown thread" [_thread_in_vm, id=2564, stack(0x00380000,0x003d0000)]

Stack: [0x00380000,0x003d0000],  sp=0x003cf880,  free space=13e003cf890k
Native frames: (J=compiled Java code, j=interpreted, Vv=VM code, C=native code)
V  [jvm.dll+0x1f4180]
V  [jvm.dll+0xa1e29]
V  [jvm.dll+0x74a41]
V  [jvm.dll+0x760e4]
V  [jvm.dll+0x1c26a5]
V  [jvm.dll+0x1c2ddd]
V  [jvm.dll+0x1c3195]
V  [jvm.dll+0x1c31db]
V  [jvm.dll+0x1c3302]
V  [jvm.dll+0x1c337a]
V  [jvm.dll+0x1c382d]
V  [jvm.dll+0x1c3c32]
V  [jvm.dll+0x1e40b3]
V  [jvm.dll+0x1e448c]
V  [jvm.dll+0xd89c1]
V  [jvm.dll+0x1ddcd8]
V  [jvm.dll+0x102e10]
C  [javaw.exe+0x1657]
C  [javaw.exe+0x1e2c]
C  [javaw.exe+0x8614]
C  [kernel32.dll+0x51194]
C  [ntdll.dll+0x5b3f5]
C  [ntdll.dll+0x5b3c8]


---------------  P R O C E S S  ---------------

Java Threads: ( => current thread )

Other Threads:

=>0x00379c00 (exited) JavaThread "Unknown thread" [_thread_in_vm, id=2564, stack(0x00380000,0x003d0000)]

VM state:not at safepoint (not fully initialized)

VM Mutex/Monitor currently owned by a thread: None

Dynamic libraries:
0x00400000 - 0x00424000 	C:\Program Files\Java\jre6\bin\javaw.exe
0x77a90000 - 0x77bcc000 	C:\Windows\SYSTEM32\ntdll.dll
0x775a0000 - 0x77674000 	C:\Windows\system32\kernel32.dll
0x75cf0000 - 0x75d3a000 	C:\Windows\system32\KERNELBASE.dll
0x777e0000 - 0x77880000 	C:\Windows\system32\ADVAPI32.dll
0x773a0000 - 0x7744c000 	C:\Windows\system32\msvcrt.dll
0x772c0000 - 0x772d9000 	C:\Windows\SYSTEM32\sechost.dll
0x75ee0000 - 0x75f81000 	C:\Windows\system32\RPCRT4.dll
0x774d0000 - 0x77599000 	C:\Windows\system32\USER32.dll
0x76f70000 - 0x76fbe000 	C:\Windows\system32\GDI32.dll
0x77390000 - 0x7739a000 	C:\Windows\system32\LPK.dll
0x772e0000 - 0x7737d000 	C:\Windows\system32\USP10.dll
0x774b0000 - 0x774cf000 	C:\Windows\system32\IMM32.DLL
0x77880000 - 0x7794c000 	C:\Windows\system32\MSCTF.dll
0x7c340000 - 0x7c396000 	C:\Program Files\Java\jre6\bin\msvcr71.dll
0x6d800000 - 0x6da97000 	C:\Program Files\Java\jre6\bin\client\jvm.dll
0x74160000 - 0x74192000 	C:\Windows\system32\WINMM.dll
0x75b10000 - 0x75b5b000 	C:\Windows\system32\apphelp.dll
0x6d7b0000 - 0x6d7bc000 	C:\Program Files\Java\jre6\bin\verify.dll
0x6d330000 - 0x6d34f000 	C:\Program Files\Java\jre6\bin\java.dll
0x6d290000 - 0x6d298000 	C:\Program Files\Java\jre6\bin\hpi.dll
0x77bd0000 - 0x77bd5000 	C:\Windows\system32\PSAPI.DLL
0x6d380000 - 0x6d3a9000 	C:\Program Files\Java\jre6\bin\jdwp.dll
0x6d6a0000 - 0x6d6a6000 	C:\Program Files\Java\jre6\bin\npt.dll
0x6d7f0000 - 0x6d7ff000 	C:\Program Files\Java\jre6\bin\zip.dll

VM Arguments:
jvm_args: -agentlib:jdwp=transport=dt_socket,suspend=y,address=localhost:56081 -Dfile.encoding=Cp1252 -Xbootclasspath:C:\Program Files\Android-SDK\platforms\android-4\android.jar;C:\Program Files\Android-SDK\add-ons\google_apis-4_r02-1\libs\maps.jar 
java_command: net.wimpi.modbus.util.BitVector
Launcher Type: SUN_STANDARD

Environment Variables:
CLASSPATH=.;C:\Program Files\Java\jre6\lib\ext\QTJava.zip
PATH=C:/Program Files/Java/jre6/bin/client;C:/Program Files/Java/jre6/bin;C:/Program Files/Java/jre6/lib/i386;C:\Program Files\Rockwell Software\RSCommon;C:\Windows\system32;C:\Windows;C:\Windows\System32\Wbem;C:\Windows\System32\WindowsPowerShell\v1.0\;C:\Program Files\Bazaar;C:\Program Files\Common Files\Rockwell\;C:\Program Files\Rockwell Automation\Common\Components;C:\Program Files\Dell\DW WLAN Card;C:\Program Files\Common Files\GTK\2.0\bin;C:\Program Files\Android-SDK\tools;C:\Program Files\Git\cmd;C:\Program Files\QuickTime\QTSystem\
USERNAME=bcatlin
OS=Windows_NT
PROCESSOR_IDENTIFIER=x86 Family 6 Model 15 Stepping 13, GenuineIntel



---------------  S Y S T E M  ---------------

OS: Windows 7 Build 7600 

CPU:total 2 (2 cores per cpu, 1 threads per core) family 6 model 15 stepping 13, cmov, cx8, fxsr, mmx, sse, sse2, sse3, ssse3

Memory: 4k page, physical 3135456k(1005584k free), swap 6269148k(3311280k free)

vm_info: Java HotSpot(TM) Client VM (16.3-b01) for windows-x86 JRE (1.6.0_20-b02), built on Apr 12 2010 13:52:23 by "java_re" with MS VC++ 7.1 (VS2003)

time: Thu Jun 24 11:15:32 2010
elapsed time: 0 seconds

